[2024-09-03 07:38:28,031: INFO: common: yaml file: config/config.yaml loaded successfully]
[2024-09-03 07:38:28,037: INFO: common: yaml file: params.yaml loaded successfully]
[2024-09-03 07:38:28,039: INFO: common: created directory at: artifacts]
[2024-09-03 07:38:28,041: INFO: common: created directory at: artifacts/data_ingestion]
[2024-09-03 07:38:28,492: INFO: 3078253932: artifacts/data_ingestion/data.zip download! with following info: 
Connection: close
Content-Length: 7903594
Cache-Control: max-age=300
Content-Security-Policy: default-src 'none'; style-src 'unsafe-inline'; sandbox
Content-Type: application/zip
ETag: "dbc016a060da18070593b83afff580c9b300f0b6ea4147a7988433e04df246ca"
Strict-Transport-Security: max-age=31536000
X-Content-Type-Options: nosniff
X-Frame-Options: deny
X-XSS-Protection: 1; mode=block
X-GitHub-Request-Id: 3036:32E834:757CEA:825546:66D6BCF4
Accept-Ranges: bytes
Date: Tue, 03 Sep 2024 07:38:28 GMT
Via: 1.1 varnish
X-Served-By: cache-iad-kcgs7200159-IAD
X-Cache: MISS
X-Cache-Hits: 0
X-Timer: S1725349108.287013,VS0,VE97
Vary: Authorization,Accept-Encoding,Origin
Access-Control-Allow-Origin: *
Cross-Origin-Resource-Policy: cross-origin
X-Fastly-Request-ID: e8420fa2a758515d8992768803a4df321334a10f
Expires: Tue, 03 Sep 2024 07:43:28 GMT
Source-Age: 0

]
[2024-09-03 08:14:27,482: INFO: common: yaml file: config/config.yaml loaded successfully]
[2024-09-03 08:14:27,488: INFO: common: yaml file: params.yaml loaded successfully]
[2024-09-03 08:14:27,494: INFO: common: created directory at: artifacts]
[2024-09-03 08:14:27,497: INFO: common: created directory at: artifacts/data_validation]
[2024-09-03 08:52:57,211: INFO: config: PyTorch version 2.0.0.post104 available.]
[2024-09-03 08:52:57,215: INFO: config: TensorFlow version 2.15.0 available.]
[2024-09-03 09:13:56,143: INFO: common: yaml file: config/config.yaml loaded successfully]
[2024-09-03 09:13:56,150: INFO: common: yaml file: params.yaml loaded successfully]
[2024-09-03 09:13:56,157: INFO: common: created directory at: artifacts]
[2024-09-03 09:13:56,162: INFO: common: created directory at: artifacts/data_transformation]
[2024-09-03 09:28:54,288: INFO: config: PyTorch version 2.0.0.post104 available.]
[2024-09-03 09:28:54,297: INFO: config: TensorFlow version 2.15.0 available.]
[2024-09-03 10:06:37,473: INFO: config: PyTorch version 2.0.0.post104 available.]
[2024-09-03 10:06:37,481: INFO: config: TensorFlow version 2.15.0 available.]
[2024-09-03 10:07:47,358: INFO: common: yaml file: config/config.yaml loaded successfully]
[2024-09-03 10:07:47,365: INFO: common: yaml file: params.yaml loaded successfully]
[2024-09-03 10:07:47,366: INFO: common: created directory at: artifacts]
[2024-09-03 10:07:47,368: INFO: common: created directory at: artifacts/model_trainer]
[2024-09-03 10:13:07,687: INFO: config: PyTorch version 2.0.0.post104 available.]
[2024-09-03 10:13:07,693: INFO: config: TensorFlow version 2.15.0 available.]
[2024-09-03 10:13:46,380: INFO: common: yaml file: config/config.yaml loaded successfully]
[2024-09-03 10:13:46,385: INFO: common: yaml file: params.yaml loaded successfully]
[2024-09-03 10:13:46,387: INFO: common: created directory at: artifacts]
[2024-09-03 10:13:46,388: INFO: common: created directory at: artifacts/model_trainer]
[2024-09-03 10:33:25,128: INFO: config: PyTorch version 2.0.0.post104 available.]
[2024-09-03 10:33:25,133: INFO: config: TensorFlow version 2.15.0 available.]
[2024-09-03 10:33:57,279: INFO: common: yaml file: config/config.yaml loaded successfully]
[2024-09-03 10:33:57,286: INFO: common: yaml file: params.yaml loaded successfully]
[2024-09-03 10:33:57,288: INFO: common: created directory at: artifacts]
[2024-09-03 10:33:57,289: INFO: common: created directory at: artifacts/model_trainer]
[2024-09-03 10:35:29,845: INFO: config: PyTorch version 2.0.0.post104 available.]
[2024-09-03 10:35:29,856: INFO: config: TensorFlow version 2.15.0 available.]
[2024-09-03 10:35:30,961: INFO: common: yaml file: config/config.yaml loaded successfully]
[2024-09-03 10:35:30,967: INFO: common: yaml file: params.yaml loaded successfully]
[2024-09-03 10:35:30,969: INFO: common: created directory at: artifacts]
[2024-09-03 10:35:30,971: INFO: common: created directory at: artifacts/model_trainer]
[2024-09-03 10:37:36,309: INFO: config: PyTorch version 2.0.0.post104 available.]
[2024-09-03 10:37:36,317: INFO: config: TensorFlow version 2.15.0 available.]
[2024-09-03 10:37:37,427: INFO: common: yaml file: config/config.yaml loaded successfully]
[2024-09-03 10:37:37,445: INFO: common: yaml file: params.yaml loaded successfully]
[2024-09-03 10:37:37,451: INFO: common: created directory at: artifacts]
[2024-09-03 10:37:37,453: INFO: common: created directory at: artifacts/model_trainer]
[2024-09-03 10:38:29,333: INFO: config: PyTorch version 2.0.0.post104 available.]
[2024-09-03 10:38:29,337: INFO: config: TensorFlow version 2.15.0 available.]
[2024-09-03 10:38:30,397: INFO: common: yaml file: config/config.yaml loaded successfully]
[2024-09-03 10:38:30,405: INFO: common: yaml file: params.yaml loaded successfully]
[2024-09-03 10:38:30,406: INFO: common: created directory at: artifacts]
[2024-09-03 10:38:30,407: INFO: common: created directory at: artifacts/model_trainer]
